2006.03.17 16:42 B d:\Documents and Settings\Administrator.LEO-DSBVYNT2KFQ\Desktop\PreProjects Work\jobpro\siteadmin\AddPlan.php --> nt2.stayonweb.com /pre-proj/preprojects.com/jobpro/siteadmin AddPlan.php
2006.03.17 16:42 B d:\Documents and Settings\Administrator.LEO-DSBVYNT2KFQ\Desktop\PreProjects Work\jobpro\siteadmin\conf.php --> nt2.stayonweb.com /pre-proj/preprojects.com/jobpro/siteadmin conf.php
2006.03.17 16:42 B d:\Documents and Settings\Administrator.LEO-DSBVYNT2KFQ\Desktop\PreProjects Work\jobpro\siteadmin\conn.php --> nt2.stayonweb.com /pre-proj/preprojects.com/jobpro/siteadmin conn.php
2006.03.17 16:42 B d:\Documents and Settings\Administrator.LEO-DSBVYNT2KFQ\Desktop\PreProjects Work\jobpro\siteadmin\EditPlan.php --> nt2.stayonweb.com /pre-proj/preprojects.com/jobpro/siteadmin EditPlan.php
2006.03.17 16:42 B d:\Documents and Settings\Administrator.LEO-DSBVYNT2KFQ\Desktop\PreProjects Work\jobpro\siteadmin\prices.php --> nt2.stayonweb.com /pre-proj/preprojects.com/jobpro/siteadmin prices.php
2007.12.12 14:19 B E:\jobpro\siteadmin\WS_FTP.LOG <-- Hostnomi /preproject.com/jobpro/siteadmin WS_FTP.LOG
2007.12.12 14:19 B E:\jobpro\siteadmin\ych2.php <-- Hostnomi /preproject.com/jobpro/siteadmin ych2.php
2007.12.12 14:19 B E:\jobpro\siteadmin\your_choice.php <-- Hostnomi /preproject.com/jobpro/siteadmin your_choice.php
2007.12.12 14:33 B E:\jobpro2\siteadmin\accesscontrol.php --> hostnomi.easycgi.com /preproject.com/jobpro2/siteadmin accesscontrol.php
2007.12.12 14:33 B E:\jobpro2\siteadmin\add_admin.php --> hostnomi.easycgi.com /preproject.com/jobpro2/siteadmin add_admin.php
2007.12.12 14:33 B E:\jobpro2\siteadmin\AddPlan.php --> hostnomi.easycgi.com /preproject.com/jobpro2/siteadmin AddPlan.php
2007.12.12 14:33 B E:\jobpro2\siteadmin\admin_logout.php --> hostnomi.easycgi.com /preproject.com/jobpro2/siteadmin admin_logout.php
2007.12.12 14:33 B E:\jobpro2\siteadmin\admins.php --> hostnomi.easycgi.com /preproject.com/jobpro2/siteadmin admins.php
2007.12.12 14:33 B E:\jobpro2\siteadmin\ADO.php --> hostnomi.easycgi.com /preproject.com/jobpro2/siteadmin ADO.php
2007.12.12 14:33 B E:\jobpro2\siteadmin\ADR.php --> hostnomi.easycgi.com /preproject.com/jobpro2/siteadmin ADR.php
2007.12.12 14:33 B E:\jobpro2\siteadmin\ADU.php --> hostnomi.easycgi.com /preproject.com/jobpro2/siteadmin ADU.php
2007.12.12 14:33 B E:\jobpro2\siteadmin\AEO.php --> hostnomi.easycgi.com /preproject.com/jobpro2/siteadmin AEO.php
2007.12.12 14:33 B E:\jobpro2\siteadmin\ALO.php --> hostnomi.easycgi.com /preproject.com/jobpro2/siteadmin ALO.php
2007.12.12 14:33 B E:\jobpro2\siteadmin\ApprovalWStory.php --> hostnomi.easycgi.com /preproject.com/jobpro2/siteadmin ApprovalWStory.php
2007.12.12 14:33 B E:\jobpro2\siteadmin\banners.php --> hostnomi.easycgi.com /preproject.com/jobpro2/siteadmin banners.php
2007.12.12 14:33 B E:\jobpro2\siteadmin\banners_choice.php --> hostnomi.easycgi.com /preproject.com/jobpro2/siteadmin banners_choice.php
2007.12.12 14:33 B E:\jobpro2\siteadmin\cinfo.php --> hostnomi.easycgi.com /preproject.com/jobpro2/siteadmin cinfo.php
2007.12.12 14:33 B E:\jobpro2\siteadmin\conf.php --> hostnomi.easycgi.com /preproject.com/jobpro2/siteadmin conf.php
2007.12.12 14:33 B E:\jobpro2\siteadmin\conn.php --> hostnomi.easycgi.com /preproject.com/jobpro2/siteadmin conn.php
2007.12.12 14:33 B E:\jobpro2\siteadmin\del_ban.php --> hostnomi.easycgi.com /preproject.com/jobpro2/siteadmin del_ban.php
2007.12.12 14:33 B E:\jobpro2\siteadmin\del_link.php --> hostnomi.easycgi.com /preproject.com/jobpro2/siteadmin del_link.php
2007.12.12 14:33 B E:\jobpro2\siteadmin\delete_admin.php --> hostnomi.easycgi.com /preproject.com/jobpro2/siteadmin delete_admin.php
2007.12.12 14:33 B E:\jobpro2\siteadmin\DeleteStory.php --> hostnomi.easycgi.com /preproject.com/jobpro2/siteadmin DeleteStory.php
2007.12.12 14:33 B E:\jobpro2\siteadmin\DeleteWStory.php --> hostnomi.easycgi.com /preproject.com/jobpro2/siteadmin DeleteWStory.php
2007.12.12 14:33 B E:\jobpro2\siteadmin\DelPlan.php --> hostnomi.easycgi.com /preproject.com/jobpro2/siteadmin DelPlan.php
2007.12.12 14:33 B E:\jobpro2\siteadmin\EditPlan.php --> hostnomi.easycgi.com /preproject.com/jobpro2/siteadmin EditPlan.php
2007.12.12 14:34 B E:\jobpro2\siteadmin\EditStory.php --> hostnomi.easycgi.com /preproject.com/jobpro2/siteadmin EditStory.php
2007.12.12 14:34 B E:\jobpro2\siteadmin\EditWStory.php --> hostnomi.easycgi.com /preproject.com/jobpro2/siteadmin EditWStory.php
2007.12.12 14:34 B E:\jobpro2\siteadmin\employers.php --> hostnomi.easycgi.com /preproject.com/jobpro2/siteadmin employers.php
2007.12.12 14:34 B E:\jobpro2\siteadmin\forgot.php --> hostnomi.easycgi.com /preproject.com/jobpro2/siteadmin forgot.php
2007.12.12 14:34 B E:\jobpro2\siteadmin\index.php --> hostnomi.easycgi.com /preproject.com/jobpro2/siteadmin index.php
2007.12.12 14:34 B E:\jobpro2\siteadmin\jobseekers.php --> hostnomi.easycgi.com /preproject.com/jobpro2/siteadmin jobseekers.php
2007.12.12 14:34 B E:\jobpro2\siteadmin\linkexchange.php --> hostnomi.easycgi.com /preproject.com/jobpro2/siteadmin linkexchange.php
2007.12.12 14:34 B E:\jobpro2\siteadmin\mail.php --> hostnomi.easycgi.com /preproject.com/jobpro2/siteadmin mail.php
2007.12.12 14:34 B E:\jobpro2\siteadmin\manage_banners.php --> hostnomi.easycgi.com /preproject.com/jobpro2/siteadmin manage_banners.php
2007.12.12 14:34 B E:\jobpro2\siteadmin\manage_banners2.php --> hostnomi.easycgi.com /preproject.com/jobpro2/siteadmin manage_banners2.php
2007.12.12 14:34 B E:\jobpro2\siteadmin\manage_links.php --> hostnomi.easycgi.com /preproject.com/jobpro2/siteadmin manage_links.php
2007.12.12 14:34 B E:\jobpro2\siteadmin\manage_links2.php --> hostnomi.easycgi.com /preproject.com/jobpro2/siteadmin manage_links2.php
2007.12.12 14:34 B E:\jobpro2\siteadmin\navigation.html --> hostnomi.easycgi.com /preproject.com/jobpro2/siteadmin navigation.html
2007.12.12 14:34 B E:\jobpro2\siteadmin\navigation2.htm --> hostnomi.easycgi.com /preproject.com/jobpro2/siteadmin navigation2.htm
2007.12.12 14:34 B E:\jobpro2\siteadmin\preview.php --> hostnomi.easycgi.com /preproject.com/jobpro2/siteadmin preview.php
2007.12.12 14:34 B E:\jobpro2\siteadmin\prices.php --> hostnomi.easycgi.com /preproject.com/jobpro2/siteadmin prices.php
2007.12.12 14:34 B E:\jobpro2\siteadmin\sm.php --> hostnomi.easycgi.com /preproject.com/jobpro2/siteadmin sm.php
2007.12.12 14:34 B E:\jobpro2\siteadmin\stories.php --> hostnomi.easycgi.com /preproject.com/jobpro2/siteadmin stories.php
2007.12.12 14:34 B E:\jobpro2\siteadmin\style.css --> hostnomi.easycgi.com /preproject.com/jobpro2/siteadmin style.css
2007.12.12 14:34 B E:\jobpro2\siteadmin\upload_banners.php --> hostnomi.easycgi.com /preproject.com/jobpro2/siteadmin upload_banners.php
2007.12.12 16:40 B E:\jobpro2\siteadmin\WS_FTP.LOG <-- Hostnomi /preproject.com/jobpro2/siteadmin WS_FTP.LOG
2007.12.12 16:40 B E:\jobpro2\siteadmin\ych2.php <-- Hostnomi /preproject.com/jobpro2/siteadmin ych2.php
2007.12.12 16:40 B E:\jobpro2\siteadmin\your_choice.php <-- Hostnomi /preproject.com/jobpro2/siteadmin your_choice.php
2007.12.12 16:52 B E:\jobpro2\siteadmin\conn.php --> hostnomi.easycgi.com /preproject.com/jobpro/siteadmin conn.php
2007.12.12 16:52 B E:\jobpro2\siteadmin\upload_banners.php --> hostnomi.easycgi.com /preproject.com/jobpro/siteadmin upload_banners.php
2007.12.12 16:52 B E:\jobpro2\siteadmin\WS_FTP.LOG --> hostnomi.easycgi.com /preproject.com/jobpro/siteadmin WS_FTP.LOG
