2007.12.12 16:24 B E:\jobpro2\header2.php <-- Hostnomi /preproject.com/jobpro2 header2.php
2007.12.12 16:24 B E:\jobpro2\header2.php <-- Hostnomi /preproject.com/jobpro2 header2.php
2007.12.12 16:25 B E:\jobpro2\header22.php <-- Hostnomi /preproject.com/jobpro2 header22.php
2007.12.12 16:25 B E:\jobpro2\header2.php --> hostnomi.easycgi.com /preproject.com/jobpro2 header2.php
2007.12.12 16:26 B E:\jobpro2\header2.php --> hostnomi.easycgi.com /preproject.com/jobpro2 header2.php
2007.12.12 16:27 B E:\jobpro2\header2.php --> hostnomi.easycgi.com /preproject.com/jobpro2 header2.php
2007.12.12 16:28 B E:\jobpro2\header2.php --> hostnomi.easycgi.com /preproject.com/jobpro2 header2.php
2007.12.12 16:40 B E:\jobpro2\about.php <-- Hostnomi /preproject.com/jobpro2 about.php
2007.12.12 16:40 B E:\jobpro2\banners.php <-- Hostnomi /preproject.com/jobpro2 banners.php
2007.12.12 16:40 B E:\jobpro2\chron_del.php <-- Hostnomi /preproject.com/jobpro2 chron_del.php
2007.12.12 16:40 B E:\jobpro2\conditions.php <-- Hostnomi /preproject.com/jobpro2 conditions.php
2007.12.12 16:40 B E:\jobpro2\conn.php <-- Hostnomi /preproject.com/jobpro2 conn.php
2007.12.12 16:40 B E:\jobpro2\contactus.php <-- Hostnomi /preproject.com/jobpro2 contactus.php
2007.12.12 16:40 B E:\jobpro2\copyright.txt <-- Hostnomi /preproject.com/jobpro2 copyright.txt
2007.12.12 16:40 B E:\jobpro2\db_info.php <-- Hostnomi /preproject.com/jobpro2 db_info.php
2007.12.12 16:40 B E:\jobpro2\faq.php <-- Hostnomi /preproject.com/jobpro2 faq.php
2007.12.12 16:40 B E:\jobpro2\footer.php <-- Hostnomi /preproject.com/jobpro2 footer.php
2007.12.12 16:40 B E:\jobpro2\foother.html <-- Hostnomi /preproject.com/jobpro2 foother.html
2007.12.12 16:40 B E:\jobpro2\index.php <-- Hostnomi /preproject.com/jobpro2 index.php
2007.12.12 16:40 B E:\jobpro2\install.php <-- Hostnomi /preproject.com/jobpro2 install.php
2007.12.12 16:40 B E:\jobpro2\left2.php <-- Hostnomi /preproject.com/jobpro2 left2.php
2007.12.12 16:40 B E:\jobpro2\linkus.php <-- Hostnomi /preproject.com/jobpro2 linkus.php
2007.12.12 16:40 B E:\jobpro2\main.php <-- Hostnomi /preproject.com/jobpro2 main.php
2007.12.12 16:40 B E:\jobpro2\MessageE.php <-- Hostnomi /preproject.com/jobpro2 MessageE.php
2007.12.12 16:40 B E:\jobpro2\MessageJ.php <-- Hostnomi /preproject.com/jobpro2 MessageJ.php
2007.12.12 16:40 B E:\jobpro2\PostJob.php <-- Hostnomi /preproject.com/jobpro2 PostJob.php
2007.12.12 16:40 B E:\jobpro2\privacy.php <-- Hostnomi /preproject.com/jobpro2 privacy.php
2007.12.12 16:40 B E:\jobpro2\Readme First.txt <-- Hostnomi /preproject.com/jobpro2 Readme First.txt
2007.12.12 16:40 B E:\jobpro2\sitemap.php <-- Hostnomi /preproject.com/jobpro2 sitemap.php
2007.12.12 16:40 B E:\jobpro2\story.php <-- Hostnomi /preproject.com/jobpro2 story.php
2007.12.12 16:40 B E:\jobpro2\style.css <-- Hostnomi /preproject.com/jobpro2 style.css
2007.12.12 16:52 B E:\jobpro2\about.php --> hostnomi.easycgi.com /preproject.com/jobpro about.php
2007.12.12 16:52 B E:\jobpro2\banners.php --> hostnomi.easycgi.com /preproject.com/jobpro banners.php
2007.12.12 16:52 B E:\jobpro2\chron_del.php --> hostnomi.easycgi.com /preproject.com/jobpro chron_del.php
2007.12.12 16:52 B E:\jobpro2\conditions.php --> hostnomi.easycgi.com /preproject.com/jobpro conditions.php
2007.12.12 16:52 B E:\jobpro2\conn.php --> hostnomi.easycgi.com /preproject.com/jobpro conn.php
2007.12.12 16:52 B E:\jobpro2\contactus.php --> hostnomi.easycgi.com /preproject.com/jobpro contactus.php
2007.12.12 16:52 B E:\jobpro2\copyright.txt --> hostnomi.easycgi.com /preproject.com/jobpro copyright.txt
2007.12.12 16:52 B E:\jobpro2\db_info.php --> hostnomi.easycgi.com /preproject.com/jobpro db_info.php
2007.12.12 16:52 B E:\jobpro2\faq.php --> hostnomi.easycgi.com /preproject.com/jobpro faq.php
2007.12.12 16:52 B E:\jobpro2\footer.php --> hostnomi.easycgi.com /preproject.com/jobpro footer.php
2007.12.12 16:52 B E:\jobpro2\foother.html --> hostnomi.easycgi.com /preproject.com/jobpro foother.html
2007.12.12 16:52 B E:\jobpro2\header2.php --> hostnomi.easycgi.com /preproject.com/jobpro header2.php
2007.12.12 16:52 B E:\jobpro2\header22.php --> hostnomi.easycgi.com /preproject.com/jobpro header22.php
2007.12.12 16:52 B E:\jobpro2\index.php --> hostnomi.easycgi.com /preproject.com/jobpro index.php
2007.12.12 16:52 B E:\jobpro2\install.php --> hostnomi.easycgi.com /preproject.com/jobpro install.php
2007.12.12 16:52 B E:\jobpro2\installprejob.php --> hostnomi.easycgi.com /preproject.com/jobpro installprejob.php
2007.12.12 16:52 B E:\jobpro2\left2.php --> hostnomi.easycgi.com /preproject.com/jobpro left2.php
2007.12.12 16:52 B E:\jobpro2\linkus.php --> hostnomi.easycgi.com /preproject.com/jobpro linkus.php
2007.12.12 16:52 B E:\jobpro2\main.php --> hostnomi.easycgi.com /preproject.com/jobpro main.php
2007.12.12 16:52 B E:\jobpro2\MessageE.php --> hostnomi.easycgi.com /preproject.com/jobpro MessageE.php
2007.12.12 16:52 B E:\jobpro2\MessageJ.php --> hostnomi.easycgi.com /preproject.com/jobpro MessageJ.php
2007.12.12 16:52 B E:\jobpro2\PostJob.php --> hostnomi.easycgi.com /preproject.com/jobpro PostJob.php
2007.12.12 16:52 B E:\jobpro2\privacy.php --> hostnomi.easycgi.com /preproject.com/jobpro privacy.php
2007.12.12 16:52 B E:\jobpro2\Readme First.txt --> hostnomi.easycgi.com /preproject.com/jobpro Readme First.txt
2007.12.12 16:52 B E:\jobpro2\sitemap.php --> hostnomi.easycgi.com /preproject.com/jobpro sitemap.php
2007.12.12 16:53 B E:\jobpro2\story.php --> hostnomi.easycgi.com /preproject.com/jobpro story.php
2007.12.12 16:53 B E:\jobpro2\style.css --> hostnomi.easycgi.com /preproject.com/jobpro style.css
