2006.03.17 16:41 B d:\Documents and Settings\Administrator.LEO-DSBVYNT2KFQ\Desktop\PreProjects Work\jobpro\jobseekers\conn.php --> nt2.stayonweb.com /pre-proj/preprojects.com/jobpro/jobseekers conn.php
2006.03.17 16:41 B d:\Documents and Settings\Administrator.LEO-DSBVYNT2KFQ\Desktop\PreProjects Work\jobpro\jobseekers\jobseeker_registration.php --> nt2.stayonweb.com /pre-proj/preprojects.com/jobpro/jobseekers jobseeker_registration.php
2007.12.12 14:18 B E:\jobpro\jobseekers\WS_FTP.LOG <-- Hostnomi /preproject.com/jobpro/jobseekers WS_FTP.LOG
2007.12.12 14:31 B E:\jobpro2\jobseekers\1.php --> hostnomi.easycgi.com /preproject.com/jobpro2/jobseekers 1.php
2007.12.12 14:31 B E:\jobpro2\jobseekers\1s.php --> hostnomi.easycgi.com /preproject.com/jobpro2/jobseekers 1s.php
2007.12.12 14:32 B E:\jobpro2\jobseekers\2.php --> hostnomi.easycgi.com /preproject.com/jobpro2/jobseekers 2.php
2007.12.12 14:32 B E:\jobpro2\jobseekers\2s.php --> hostnomi.easycgi.com /preproject.com/jobpro2/jobseekers 2s.php
2007.12.12 14:32 B E:\jobpro2\jobseekers\3.php --> hostnomi.easycgi.com /preproject.com/jobpro2/jobseekers 3.php
2007.12.12 14:32 B E:\jobpro2\jobseekers\3s.php --> hostnomi.easycgi.com /preproject.com/jobpro2/jobseekers 3s.php
2007.12.12 14:32 B E:\jobpro2\jobseekers\accesscontrol.php --> hostnomi.easycgi.com /preproject.com/jobpro2/jobseekers accesscontrol.php
2007.12.12 14:32 B E:\jobpro2\jobseekers\accesscontrol2.php --> hostnomi.easycgi.com /preproject.com/jobpro2/jobseekers accesscontrol2.php
2007.12.12 14:32 B E:\jobpro2\jobseekers\banners.php --> hostnomi.easycgi.com /preproject.com/jobpro2/jobseekers banners.php
2007.12.12 14:32 B E:\jobpro2\jobseekers\build_resume.php --> hostnomi.easycgi.com /preproject.com/jobpro2/jobseekers build_resume.php
2007.12.12 14:32 B E:\jobpro2\jobseekers\conn.php --> hostnomi.easycgi.com /preproject.com/jobpro2/jobseekers conn.php
2007.12.12 14:32 B E:\jobpro2\jobseekers\EditEducation.php --> hostnomi.easycgi.com /preproject.com/jobpro2/jobseekers EditEducation.php
2007.12.12 14:32 B E:\jobpro2\jobseekers\EditEE2.php --> hostnomi.easycgi.com /preproject.com/jobpro2/jobseekers EditEE2.php
2007.12.12 14:32 B E:\jobpro2\jobseekers\EditSkills.php --> hostnomi.easycgi.com /preproject.com/jobpro2/jobseekers EditSkills.php
2007.12.12 14:32 B E:\jobpro2\jobseekers\EditSkills2.php --> hostnomi.easycgi.com /preproject.com/jobpro2/jobseekers EditSkills2.php
2007.12.12 14:32 B E:\jobpro2\jobseekers\EditWE2.php --> hostnomi.easycgi.com /preproject.com/jobpro2/jobseekers EditWE2.php
2007.12.12 14:32 B E:\jobpro2\jobseekers\EditWorkExperience.php --> hostnomi.easycgi.com /preproject.com/jobpro2/jobseekers EditWorkExperience.php
2007.12.12 14:32 B E:\jobpro2\jobseekers\EEAdd.php --> hostnomi.easycgi.com /preproject.com/jobpro2/jobseekers EEAdd.php
2007.12.12 14:32 B E:\jobpro2\jobseekers\EEAdd2.php --> hostnomi.easycgi.com /preproject.com/jobpro2/jobseekers EEAdd2.php
2007.12.12 14:32 B E:\jobpro2\jobseekers\ER1.php --> hostnomi.easycgi.com /preproject.com/jobpro2/jobseekers ER1.php
2007.12.12 14:32 B E:\jobpro2\jobseekers\ER2.php --> hostnomi.easycgi.com /preproject.com/jobpro2/jobseekers ER2.php
2007.12.12 14:32 B E:\jobpro2\jobseekers\ER3.php --> hostnomi.easycgi.com /preproject.com/jobpro2/jobseekers ER3.php
2007.12.12 14:32 B E:\jobpro2\jobseekers\ER4.php --> hostnomi.easycgi.com /preproject.com/jobpro2/jobseekers ER4.php
2007.12.12 14:32 B E:\jobpro2\jobseekers\EWAdd.php --> hostnomi.easycgi.com /preproject.com/jobpro2/jobseekers EWAdd.php
2007.12.12 14:32 B E:\jobpro2\jobseekers\EWAdd2.php --> hostnomi.easycgi.com /preproject.com/jobpro2/jobseekers EWAdd2.php
2007.12.12 14:32 B E:\jobpro2\jobseekers\forgot.php --> hostnomi.easycgi.com /preproject.com/jobpro2/jobseekers forgot.php
2007.12.12 14:32 B E:\jobpro2\jobseekers\Friend2.php --> hostnomi.easycgi.com /preproject.com/jobpro2/jobseekers Friend2.php
2007.12.12 14:32 B E:\jobpro2\jobseekers\FriendView.php --> hostnomi.easycgi.com /preproject.com/jobpro2/jobseekers FriendView.php
2007.12.12 14:32 B E:\jobpro2\jobseekers\JobInfo.php --> hostnomi.easycgi.com /preproject.com/jobpro2/jobseekers JobInfo.php
2007.12.12 14:32 B E:\jobpro2\jobseekers\JobSearch.php --> hostnomi.easycgi.com /preproject.com/jobpro2/jobseekers JobSearch.php
2007.12.12 14:32 B E:\jobpro2\jobseekers\JobSearch3.php --> hostnomi.easycgi.com /preproject.com/jobpro2/jobseekers JobSearch3.php
2007.12.12 14:32 B E:\jobpro2\jobseekers\jobseeker_registration.php --> hostnomi.easycgi.com /preproject.com/jobpro2/jobseekers jobseeker_registration.php
2007.12.12 14:32 B E:\jobpro2\jobseekers\jobseeker_registration2.php --> hostnomi.easycgi.com /preproject.com/jobpro2/jobseekers jobseeker_registration2.php
2007.12.12 14:32 B E:\jobpro2\jobseekers\logout.php --> hostnomi.easycgi.com /preproject.com/jobpro2/jobseekers logout.php
2007.12.12 14:32 B E:\jobpro2\jobseekers\preview.php --> hostnomi.easycgi.com /preproject.com/jobpro2/jobseekers preview.php
2007.12.12 14:32 B E:\jobpro2\jobseekers\RB1.html --> hostnomi.easycgi.com /preproject.com/jobpro2/jobseekers RB1.html
2007.12.12 14:32 B E:\jobpro2\jobseekers\Send.php --> hostnomi.easycgi.com /preproject.com/jobpro2/jobseekers Send.php
2007.12.12 14:32 B E:\jobpro2\jobseekers\style.css --> hostnomi.easycgi.com /preproject.com/jobpro2/jobseekers style.css
2007.12.12 14:32 B E:\jobpro2\jobseekers\uploadresume.php --> hostnomi.easycgi.com /preproject.com/jobpro2/jobseekers uploadresume.php
2007.12.12 16:38 B E:\jobpro2\jobseekers\WS_FTP.LOG <-- Hostnomi /preproject.com/jobpro2/jobseekers WS_FTP.LOG
2007.12.12 16:51 B E:\jobpro2\jobseekers\accesscontrol.php --> hostnomi.easycgi.com /preproject.com/jobpro/jobseekers accesscontrol.php
2007.12.12 16:51 B E:\jobpro2\jobseekers\accesscontrol2.php --> hostnomi.easycgi.com /preproject.com/jobpro/jobseekers accesscontrol2.php
2007.12.12 16:51 B E:\jobpro2\jobseekers\conn.php --> hostnomi.easycgi.com /preproject.com/jobpro/jobseekers conn.php
2007.12.12 16:51 B E:\jobpro2\jobseekers\EditSkills.php --> hostnomi.easycgi.com /preproject.com/jobpro/jobseekers EditSkills.php
2007.12.12 16:51 B E:\jobpro2\jobseekers\EditSkills2.php --> hostnomi.easycgi.com /preproject.com/jobpro/jobseekers EditSkills2.php
2007.12.12 16:51 B E:\jobpro2\jobseekers\ER1.php --> hostnomi.easycgi.com /preproject.com/jobpro/jobseekers ER1.php
2007.12.12 16:51 B E:\jobpro2\jobseekers\JobSearch.php --> hostnomi.easycgi.com /preproject.com/jobpro/jobseekers JobSearch.php
2007.12.12 16:51 B E:\jobpro2\jobseekers\jobseeker_registration.php --> hostnomi.easycgi.com /preproject.com/jobpro/jobseekers jobseeker_registration.php
2007.12.12 16:51 B E:\jobpro2\jobseekers\jobseeker_registration2.php --> hostnomi.easycgi.com /preproject.com/jobpro/jobseekers jobseeker_registration2.php
2007.12.12 16:51 B E:\jobpro2\jobseekers\preview.php --> hostnomi.easycgi.com /preproject.com/jobpro/jobseekers preview.php
2007.12.12 16:51 B E:\jobpro2\jobseekers\uploadresume.php --> hostnomi.easycgi.com /preproject.com/jobpro/jobseekers uploadresume.php
2007.12.12 16:51 B E:\jobpro2\jobseekers\WS_FTP.LOG --> hostnomi.easycgi.com /preproject.com/jobpro/jobseekers WS_FTP.LOG
