2007.12.12 16:45 B E:\jobpro2\images\2checkout.gif --> hostnomi.easycgi.com /preproject.com/jobpro/images 2checkout.gif
2007.12.12 16:45 B E:\jobpro2\images\bg.gif --> hostnomi.easycgi.com /preproject.com/jobpro/images bg.gif
2007.12.12 16:45 B E:\jobpro2\images\bg.jpg --> hostnomi.easycgi.com /preproject.com/jobpro/images bg.jpg
2007.12.12 16:45 B E:\jobpro2\images\body_01.gif --> hostnomi.easycgi.com /preproject.com/jobpro/images body_01.gif
2007.12.12 16:45 B E:\jobpro2\images\body_02.gif --> hostnomi.easycgi.com /preproject.com/jobpro/images body_02.gif
2007.12.12 16:45 B E:\jobpro2\images\body_04.gif --> hostnomi.easycgi.com /preproject.com/jobpro/images body_04.gif
2007.12.12 16:45 B E:\jobpro2\images\body_05.jpg --> hostnomi.easycgi.com /preproject.com/jobpro/images body_05.jpg
2007.12.12 16:45 B E:\jobpro2\images\body_06.gif --> hostnomi.easycgi.com /preproject.com/jobpro/images body_06.gif
2007.12.12 16:45 B E:\jobpro2\images\body_07.gif --> hostnomi.easycgi.com /preproject.com/jobpro/images body_07.gif
2007.12.12 16:45 B E:\jobpro2\images\body_08.gif --> hostnomi.easycgi.com /preproject.com/jobpro/images body_08.gif
2007.12.12 16:45 B E:\jobpro2\images\body_09.gif --> hostnomi.easycgi.com /preproject.com/jobpro/images body_09.gif
2007.12.12 16:45 B E:\jobpro2\images\body_10.gif --> hostnomi.easycgi.com /preproject.com/jobpro/images body_10.gif
2007.12.12 16:45 B E:\jobpro2\images\body_11.gif --> hostnomi.easycgi.com /preproject.com/jobpro/images body_11.gif
2007.12.12 16:46 B E:\jobpro2\images\body_12.gif --> hostnomi.easycgi.com /preproject.com/jobpro/images body_12.gif
2007.12.12 16:46 B E:\jobpro2\images\builet.gif --> hostnomi.easycgi.com /preproject.com/jobpro/images builet.gif
2007.12.12 16:46 B E:\jobpro2\images\bullet.gif --> hostnomi.easycgi.com /preproject.com/jobpro/images bullet.gif
2007.12.12 16:46 B E:\jobpro2\images\button_login.gif --> hostnomi.easycgi.com /preproject.com/jobpro/images button_login.gif
2007.12.12 16:46 B E:\jobpro2\images\button_postajob.gif --> hostnomi.easycgi.com /preproject.com/jobpro/images button_postajob.gif
2007.12.12 16:46 B E:\jobpro2\images\button_postaresume.gif --> hostnomi.easycgi.com /preproject.com/jobpro/images button_postaresume.gif
2007.12.12 16:46 B E:\jobpro2\images\button_search.gif --> hostnomi.easycgi.com /preproject.com/jobpro/images button_search.gif
2007.12.12 16:46 B E:\jobpro2\images\clear.gif --> hostnomi.easycgi.com /preproject.com/jobpro/images clear.gif
2007.12.12 16:46 B E:\jobpro2\images\freight.jpg --> hostnomi.easycgi.com /preproject.com/jobpro/images freight.jpg
2007.12.12 16:46 B E:\jobpro2\images\jobs-online.jpg --> hostnomi.easycgi.com /preproject.com/jobpro/images jobs-online.jpg
2007.12.12 16:46 B E:\jobpro2\images\lhrjobs.gif --> hostnomi.easycgi.com /preproject.com/jobpro/images lhrjobs.gif
2007.12.12 16:46 B E:\jobpro2\images\logo.gif --> hostnomi.easycgi.com /preproject.com/jobpro/images logo.gif
2007.12.12 16:46 B E:\jobpro2\images\logo_Electron.gif --> hostnomi.easycgi.com /preproject.com/jobpro/images logo_Electron.gif
2007.12.12 16:46 B E:\jobpro2\images\logo_MC.gif --> hostnomi.easycgi.com /preproject.com/jobpro/images logo_MC.gif
2007.12.12 16:46 B E:\jobpro2\images\logo_Solo.gif --> hostnomi.easycgi.com /preproject.com/jobpro/images logo_Solo.gif
2007.12.12 16:46 B E:\jobpro2\images\logo_Switch.gif --> hostnomi.easycgi.com /preproject.com/jobpro/images logo_Switch.gif
2007.12.12 16:46 B E:\jobpro2\images\logo_Visa.gif --> hostnomi.easycgi.com /preproject.com/jobpro/images logo_Visa.gif
2007.12.12 16:46 B E:\jobpro2\images\menu_line.gif --> hostnomi.easycgi.com /preproject.com/jobpro/images menu_line.gif
2007.12.12 16:46 B E:\jobpro2\images\menu_line_a.gif --> hostnomi.easycgi.com /preproject.com/jobpro/images menu_line_a.gif
2007.12.12 16:46 B E:\jobpro2\images\spacer.gif --> hostnomi.easycgi.com /preproject.com/jobpro/images spacer.gif
2007.12.12 16:46 B E:\jobpro2\images\Thumbs.db --> hostnomi.easycgi.com /preproject.com/jobpro/images Thumbs.db
2007.12.12 16:46 B E:\jobpro2\images\title_employers.gif --> hostnomi.easycgi.com /preproject.com/jobpro/images title_employers.gif
2007.12.12 16:46 B E:\jobpro2\images\title_employers1.gif --> hostnomi.easycgi.com /preproject.com/jobpro/images title_employers1.gif
2007.12.12 16:46 B E:\jobpro2\images\title_jobseekers.gif --> hostnomi.easycgi.com /preproject.com/jobpro/images title_jobseekers.gif
2007.12.12 16:46 B E:\jobpro2\images\title_jobseekers1.gif --> hostnomi.easycgi.com /preproject.com/jobpro/images title_jobseekers1.gif
2007.12.12 16:46 B E:\jobpro2\images\title_resources.gif --> hostnomi.easycgi.com /preproject.com/jobpro/images title_resources.gif
2007.12.12 16:46 B E:\jobpro2\images\title_successstory.gif --> hostnomi.easycgi.com /preproject.com/jobpro/images title_successstory.gif
2007.12.12 16:46 B E:\jobpro2\images\title_welcome.gif --> hostnomi.easycgi.com /preproject.com/jobpro/images title_welcome.gif
2007.12.12 16:46 B E:\jobpro2\images\top2.jpg --> hostnomi.easycgi.com /preproject.com/jobpro/images top2.jpg
2007.12.12 16:49 B E:\jobpro2\images\top2.psd --> hostnomi.easycgi.com /preproject.com/jobpro/images top2.psd
2007.12.12 16:49 B E:\jobpro2\images\top_01.jpg --> hostnomi.easycgi.com /preproject.com/jobpro/images top_01.jpg
2007.12.12 17:00 B E:\jobpro2\images\title_employers.gif --> hostnomi.easycgi.com /preproject.com/jobpro/images title_employers.gif
2007.12.12 17:00 B E:\jobpro2\images\title_jobseekers.gif --> hostnomi.easycgi.com /preproject.com/jobpro/images title_jobseekers.gif
